<?xml version="1.0" encoding="UTF-8"?>
<!-- Generated by org.testng.reporters.JUnitReportReporter -->
<testsuite skipped="0" hostname="ss-PC" name="com.selbot.testcases.TC002_DuplicateLead" tests="1" failures="0" timestamp="21 Apr 2019 08:31:42 GMT" time="70.023" errors="0">
  <testcase name="createLead" time="70.023" classname="com.selbot.testcases.TC002_DuplicateLead"/>
</testsuite> <!-- com.selbot.testcases.TC002_DuplicateLead -->
