<?xml version="1.0" encoding="UTF-8"?>
<!-- Generated by org.testng.reporters.JUnitReportReporter -->
<testsuite skipped="0" hostname="ManosiKannan" name="com.selbot.testcases.TC001_CreateLead" tests="2" failures="0" timestamp="20 Apr 2019 09:43:55 GMT" time="83.278" errors="0">
  <testcase name="createLead" time="45.293" classname="com.selbot.testcases.TC001_CreateLead"/>
  <testcase name="createLead" time="37.985" classname="com.selbot.testcases.TC001_CreateLead"/>
</testsuite> <!-- com.selbot.testcases.TC001_CreateLead -->
